Arguments: 
  C:\vue\node.exe C:\vue\node_global\node_modules\yarn\bin\yarn.js add fse-extra

PATH: 
  C:\Users\周斌\bin;C:\Program Files\Git\mingw64\bin;C:\Program Files\Git\usr\local\bin;C:\Program Files\Git\usr\bin;C:\Program Files\Git\usr\bin;C:\Program Files\Git\mingw64\bin;C:\Program Files\Git\usr\bin;C:\Users\周斌\bin;C:\Python39\Scripts;C:\Python39;C:\Program Files (x86)\Razer Chroma SDK\bin;C:\Program Files\Razer Chroma SDK\bin;C:\Program Files (x86)\Intel\Intel(R) Management Engine Components\iCLS;C:\Program Files\Intel\Intel(R) Management Engine Components\iCLS;C:\Windows\system32;C:\Windows;C:\Windows\System32\Wbem;C:\Windows\System32\WindowsPowerShell\v1.0;C:\Windows\System32\OpenSSH;C:\Program Files (x86)\Intel\Intel(R) Management Engine Components\DAL;C:\Program Files\Intel\Intel(R) Management Engine Components\DAL;C:\Program Files (x86)\Intel\Intel(R) Management Engine Components\IPT;C:\Program Files\Intel\Intel(R) Management Engine Components\IPT;C:\Program Files\Intel\WiFi\bin;C:\Program Files\Common Files\Intel\WirelessCommon;C:\Program Files (x86)\NVIDIA Corporation\PhysX\Common;C:\Users\Administrator\AppData\Local\Microsoft\WindowsApps;C:\WINDOWS\system32;C:\WINDOWS;C:\WINDOWS\System32\Wbem;C:\WINDOWS\System32\WindowsPowerShell\v1.0;C:\WINDOWS\System32\OpenSSH;C:\ProgramData\chocolatey\bin;C:\vue;C:\vue\node_global;C:\Program Files\TortoiseGit\bin;C:\Program Files\Git\cmd;C:\Users\周斌\AppData\Local\Microsoft\WindowsApps;C:\Users\周斌\AppData\Local\Programs\Microsoft VS Code\bin;C:\Users\周斌\AppData\Roaming\npm;C:\Program Files\JetBrains\IntelliJ IDEA Community Edition 2021.2.1\bin;C:\vue\node_global;C:\Program Files\Git\usr\bin\vendor_perl;C:\Program Files\Git\usr\bin\core_perl

Yarn version: 
  1.22.11

Node version: 
  14.17.3

Platform: 
  win32 x64

Trace: 
  Error: https://registry.npm.taobao.org/fse-extra: [NOT_FOUND] fse-extra not found
      at Request.params.callback [as _callback] (C:\vue\node_global\node_modules\yarn\lib\cli.js:66992:18)
      at Request.self.callback (C:\vue\node_global\node_modules\yarn\lib\cli.js:140763:22)
      at Request.emit (events.js:375:28)
      at Request.<anonymous> (C:\vue\node_global\node_modules\yarn\lib\cli.js:141735:10)
      at Request.emit (events.js:375:28)
      at Gunzip.<anonymous> (C:\vue\node_global\node_modules\yarn\lib\cli.js:141657:12)
      at Object.onceWrapper (events.js:481:28)
      at Gunzip.emit (events.js:375:28)
      at endReadableNT (internal/streams/readable.js:1317:12)
      at processTicksAndRejections (internal/process/task_queues.js:82:21)

npm manifest: 
  {
    "name": "server",
    "version": "1.0.0",
    "description": "",
    "main": "index.js",
    "scripts": {
      "test": "echo \"Error: no test specified\" && exit 1"
    },
    "keywords": [],
    "author": "",
    "license": "ISC"
  }

yarn manifest: 
  No manifest

Lockfile: 
  No lockfile
